0 info it worked if it ends with ok
1 verbose cli [ 'C:\\Program Files\\nodejs\\node.exe',
1 verbose cli   'C:\\Program Files\\nodejs\\node_modules\\npm\\bin\\npm-cli.js',
1 verbose cli   'install',
1 verbose cli   'node-rijndael' ]
2 info using npm@3.10.9
3 info using node@v6.9.2
4 silly loadCurrentTree Starting
5 silly install loadCurrentTree
6 silly install readLocalPackageData
7 silly fetchPackageMetaData node-rijndael
8 silly fetchNamedPackageData node-rijndael
9 silly mapToRegistry name node-rijndael
10 silly mapToRegistry using default registry
11 silly mapToRegistry registry https://registry.npmjs.org/
12 silly mapToRegistry data Result {
12 silly mapToRegistry   raw: 'node-rijndael',
12 silly mapToRegistry   scope: null,
12 silly mapToRegistry   escapedName: 'node-rijndael',
12 silly mapToRegistry   name: 'node-rijndael',
12 silly mapToRegistry   rawSpec: '',
12 silly mapToRegistry   spec: 'latest',
12 silly mapToRegistry   type: 'tag' }
13 silly mapToRegistry uri https://registry.npmjs.org/node-rijndael
14 verbose request uri https://registry.npmjs.org/node-rijndael
15 verbose request no auth needed
16 info attempt registry request try #1 at 6:02:30 PM
17 verbose request id 8b2b7a00ee6c72bf
18 http request GET https://registry.npmjs.org/node-rijndael
19 http 200 https://registry.npmjs.org/node-rijndael
20 verbose headers { server: 'nginx/1.10.1',
20 verbose headers   'content-type': 'application/json',
20 verbose headers   'last-modified': 'Sat, 24 Oct 2015 05:32:24 GMT',
20 verbose headers   etag: 'W/"562b17e8-4602"',
20 verbose headers   'content-encoding': 'gzip',
20 verbose headers   'cache-control': 'max-age=300',
20 verbose headers   'content-length': '4221',
20 verbose headers   'accept-ranges': 'bytes',
20 verbose headers   date: 'Fri, 31 Mar 2017 10:02:29 GMT',
20 verbose headers   via: '1.1 varnish',
20 verbose headers   age: '0',
20 verbose headers   connection: 'keep-alive',
20 verbose headers   'x-served-by': 'cache-hkg6826-HKG',
20 verbose headers   'x-cache': 'MISS',
20 verbose headers   'x-cache-hits': '0',
20 verbose headers   'x-timer': 'S1490954549.656955,VS0,VE196',
20 verbose headers   vary: 'Accept-Encoding' }
21 silly get cb [ 200,
21 silly get   { server: 'nginx/1.10.1',
21 silly get     'content-type': 'application/json',
21 silly get     'last-modified': 'Sat, 24 Oct 2015 05:32:24 GMT',
21 silly get     etag: 'W/"562b17e8-4602"',
21 silly get     'content-encoding': 'gzip',
21 silly get     'cache-control': 'max-age=300',
21 silly get     'content-length': '4221',
21 silly get     'accept-ranges': 'bytes',
21 silly get     date: 'Fri, 31 Mar 2017 10:02:29 GMT',
21 silly get     via: '1.1 varnish',
21 silly get     age: '0',
21 silly get     connection: 'keep-alive',
21 silly get     'x-served-by': 'cache-hkg6826-HKG',
21 silly get     'x-cache': 'MISS',
21 silly get     'x-cache-hits': '0',
21 silly get     'x-timer': 'S1490954549.656955,VS0,VE196',
21 silly get     vary: 'Accept-Encoding' } ]
22 verbose get saving node-rijndael to C:\Users\joannelam\AppData\Roaming\npm-cache\registry.npmjs.org\node-rijndael\.cache.json
23 verbose correctMkdir C:\Users\joannelam\AppData\Roaming\npm-cache correctMkdir not in flight; initializing
24 silly install normalizeTree
25 silly loadCurrentTree Finishing
26 silly loadIdealTree Starting
27 silly install loadIdealTree
28 silly cloneCurrentTree Starting
29 silly install cloneCurrentTreeToIdealTree
30 silly cloneCurrentTree Finishing
31 silly loadShrinkwrap Starting
32 silly install loadShrinkwrap
33 silly loadShrinkwrap Finishing
34 silly loadAllDepsIntoIdealTree Starting
35 silly install loadAllDepsIntoIdealTree
36 silly resolveWithNewModule node-rijndael@0.3.0-1 checking installable status
37 silly cache add args [ 'node-rijndael', null ]
38 verbose cache add spec node-rijndael
39 silly cache add parsed spec Result {
39 silly cache add   raw: 'node-rijndael',
39 silly cache add   scope: null,
39 silly cache add   escapedName: 'node-rijndael',
39 silly cache add   name: 'node-rijndael',
39 silly cache add   rawSpec: '',
39 silly cache add   spec: 'latest',
39 silly cache add   type: 'tag' }
40 silly addNamed node-rijndael@latest
41 verbose addNamed "latest" is being treated as a dist-tag for node-rijndael
42 info addNameTag [ 'node-rijndael', 'latest' ]
43 silly mapToRegistry name node-rijndael
44 silly mapToRegistry using default registry
45 silly mapToRegistry registry https://registry.npmjs.org/
46 silly mapToRegistry data Result {
46 silly mapToRegistry   raw: 'node-rijndael',
46 silly mapToRegistry   scope: null,
46 silly mapToRegistry   escapedName: 'node-rijndael',
46 silly mapToRegistry   name: 'node-rijndael',
46 silly mapToRegistry   rawSpec: '',
46 silly mapToRegistry   spec: 'latest',
46 silly mapToRegistry   type: 'tag' }
47 silly mapToRegistry uri https://registry.npmjs.org/node-rijndael
48 verbose addNameTag registry:https://registry.npmjs.org/node-rijndael not in flight; fetching
49 verbose get https://registry.npmjs.org/node-rijndael not expired, no request
50 silly addNameTag next cb for node-rijndael with tag latest
51 silly addNamed node-rijndael@0.3.0-1
52 verbose addNamed "0.3.0-1" is a plain semver version for node-rijndael
53 silly mapToRegistry name node-rijndael
54 silly mapToRegistry using default registry
55 silly mapToRegistry registry https://registry.npmjs.org/
56 silly mapToRegistry data Result {
56 silly mapToRegistry   raw: 'node-rijndael',
56 silly mapToRegistry   scope: null,
56 silly mapToRegistry   escapedName: 'node-rijndael',
56 silly mapToRegistry   name: 'node-rijndael',
56 silly mapToRegistry   rawSpec: '',
56 silly mapToRegistry   spec: 'latest',
56 silly mapToRegistry   type: 'tag' }
57 silly mapToRegistry uri https://registry.npmjs.org/node-rijndael
58 verbose addRemoteTarball https://registry.npmjs.org/node-rijndael/-/node-rijndael-0.3.0-1.tgz not in flight; adding
59 verbose addRemoteTarball [ 'https://registry.npmjs.org/node-rijndael/-/node-rijndael-0.3.0-1.tgz',
59 verbose addRemoteTarball   'bbd20c255ea677696485950ea586b1da5f961497' ]
60 info retry fetch attempt 1 at 6:02:31 PM
61 info attempt registry request try #1 at 6:02:31 PM
62 http fetch GET https://registry.npmjs.org/node-rijndael/-/node-rijndael-0.3.0-1.tgz
63 http fetch 200 https://registry.npmjs.org/node-rijndael/-/node-rijndael-0.3.0-1.tgz
64 silly fetchAndShaCheck shasum bbd20c255ea677696485950ea586b1da5f961497
65 verbose addTmpTarball C:\Users\JOANNE~1\AppData\Local\Temp\npm-9272-adb7e30d\registry.npmjs.org\node-rijndael\-\node-rijndael-0.3.0-1.tgz not in flight; adding
66 verbose addTmpTarball already have metadata; skipping unpack for node-rijndael@0.3.0-1
67 verbose correctMkdir C:\Users\joannelam\AppData\Roaming\npm-cache correctMkdir not in flight; initializing
68 silly cache afterAdd node-rijndael@0.3.0-1
69 verbose afterAdd C:\Users\joannelam\AppData\Roaming\npm-cache\node-rijndael\0.3.0-1\package\package.json not in flight; writing
70 verbose correctMkdir C:\Users\joannelam\AppData\Roaming\npm-cache correctMkdir not in flight; initializing
71 verbose afterAdd C:\Users\joannelam\AppData\Roaming\npm-cache\node-rijndael\0.3.0-1\package\package.json written
72 silly fetchNamedPackageData nan
73 silly mapToRegistry name nan
74 silly mapToRegistry using default registry
75 silly mapToRegistry registry https://registry.npmjs.org/
76 silly mapToRegistry data Result {
76 silly mapToRegistry   raw: 'nan',
76 silly mapToRegistry   scope: null,
76 silly mapToRegistry   escapedName: 'nan',
76 silly mapToRegistry   name: 'nan',
76 silly mapToRegistry   rawSpec: '',
76 silly mapToRegistry   spec: 'latest',
76 silly mapToRegistry   type: 'tag' }
77 silly mapToRegistry uri https://registry.npmjs.org/nan
78 verbose request uri https://registry.npmjs.org/nan
79 verbose request no auth needed
80 info attempt registry request try #1 at 6:02:31 PM
81 verbose etag W/"58a44b6b-1df62"
82 verbose lastModified Wed, 15 Feb 2017 12:36:59 GMT
83 http request GET https://registry.npmjs.org/nan
84 http 200 https://registry.npmjs.org/nan
85 verbose headers { server: 'nginx/1.10.1',
85 verbose headers   'content-type': 'application/json',
85 verbose headers   'last-modified': 'Wed, 22 Mar 2017 11:28:07 GMT',
85 verbose headers   etag: 'W/"58d25fc7-1df7e"',
85 verbose headers   'content-encoding': 'gzip',
85 verbose headers   'cache-control': 'max-age=300',
85 verbose headers   'content-length': '14443',
85 verbose headers   'accept-ranges': 'bytes',
85 verbose headers   date: 'Fri, 31 Mar 2017 10:02:30 GMT',
85 verbose headers   via: '1.1 varnish',
85 verbose headers   age: '150',
85 verbose headers   connection: 'keep-alive',
85 verbose headers   'x-served-by': 'cache-hkg6826-HKG',
85 verbose headers   'x-cache': 'HIT',
85 verbose headers   'x-cache-hits': '74',
85 verbose headers   'x-timer': 'S1490954550.306007,VS0,VE0',
85 verbose headers   vary: 'Accept-Encoding' }
86 silly get cb [ 200,
86 silly get   { server: 'nginx/1.10.1',
86 silly get     'content-type': 'application/json',
86 silly get     'last-modified': 'Wed, 22 Mar 2017 11:28:07 GMT',
86 silly get     etag: 'W/"58d25fc7-1df7e"',
86 silly get     'content-encoding': 'gzip',
86 silly get     'cache-control': 'max-age=300',
86 silly get     'content-length': '14443',
86 silly get     'accept-ranges': 'bytes',
86 silly get     date: 'Fri, 31 Mar 2017 10:02:30 GMT',
86 silly get     via: '1.1 varnish',
86 silly get     age: '150',
86 silly get     connection: 'keep-alive',
86 silly get     'x-served-by': 'cache-hkg6826-HKG',
86 silly get     'x-cache': 'HIT',
86 silly get     'x-cache-hits': '74',
86 silly get     'x-timer': 'S1490954550.306007,VS0,VE0',
86 silly get     vary: 'Accept-Encoding' } ]
87 verbose get saving nan to C:\Users\joannelam\AppData\Roaming\npm-cache\registry.npmjs.org\nan\.cache.json
88 verbose correctMkdir C:\Users\joannelam\AppData\Roaming\npm-cache correctMkdir not in flight; initializing
89 silly resolveWithNewModule nan@2.5.1 checking installable status
90 silly cache add args [ 'nan@^2.1.0', null ]
91 verbose cache add spec nan@^2.1.0
92 silly cache add parsed spec Result {
92 silly cache add   raw: 'nan@^2.1.0',
92 silly cache add   scope: null,
92 silly cache add   escapedName: 'nan',
92 silly cache add   name: 'nan',
92 silly cache add   rawSpec: '^2.1.0',
92 silly cache add   spec: '>=2.1.0 <3.0.0',
92 silly cache add   type: 'range' }
93 silly addNamed nan@>=2.1.0 <3.0.0
94 verbose addNamed ">=2.1.0 <3.0.0" is a valid semver range for nan
95 silly addNameRange { name: 'nan', range: '>=2.1.0 <3.0.0', hasData: false }
96 silly mapToRegistry name nan
97 silly mapToRegistry using default registry
98 silly mapToRegistry registry https://registry.npmjs.org/
99 silly mapToRegistry data Result {
99 silly mapToRegistry   raw: 'nan',
99 silly mapToRegistry   scope: null,
99 silly mapToRegistry   escapedName: 'nan',
99 silly mapToRegistry   name: 'nan',
99 silly mapToRegistry   rawSpec: '',
99 silly mapToRegistry   spec: 'latest',
99 silly mapToRegistry   type: 'tag' }
100 silly mapToRegistry uri https://registry.npmjs.org/nan
101 verbose addNameRange registry:https://registry.npmjs.org/nan not in flight; fetching
102 verbose get https://registry.npmjs.org/nan not expired, no request
103 silly addNameRange number 2 { name: 'nan', range: '>=2.1.0 <3.0.0', hasData: true }
104 silly addNameRange versions [ 'nan',
104 silly addNameRange   [ '0.3.0-wip',
104 silly addNameRange     '0.3.0-wip2',
104 silly addNameRange     '0.3.0',
104 silly addNameRange     '0.3.1',
104 silly addNameRange     '0.3.2',
104 silly addNameRange     '0.4.0',
104 silly addNameRange     '0.4.1',
104 silly addNameRange     '0.4.2',
104 silly addNameRange     '0.4.3',
104 silly addNameRange     '0.4.4',
104 silly addNameRange     '0.5.0',
104 silly addNameRange     '0.5.1',
104 silly addNameRange     '0.5.2',
104 silly addNameRange     '0.6.0',
104 silly addNameRange     '0.7.0',
104 silly addNameRange     '0.7.1',
104 silly addNameRange     '0.8.0',
104 silly addNameRange     '1.0.0',
104 silly addNameRange     '1.1.0',
104 silly addNameRange     '1.1.1',
104 silly addNameRange     '1.1.2',
104 silly addNameRange     '1.2.0',
104 silly addNameRange     '1.3.0',
104 silly addNameRange     '1.4.0',
104 silly addNameRange     '1.4.1',
104 silly addNameRange     '1.5.0',
104 silly addNameRange     '1.4.2',
104 silly addNameRange     '1.4.3',
104 silly addNameRange     '1.5.1',
104 silly addNameRange     '1.5.2',
104 silly addNameRange     '1.6.0',
104 silly addNameRange     '1.5.3',
104 silly addNameRange     '1.6.1',
104 silly addNameRange     '1.6.2',
104 silly addNameRange     '1.7.0',
104 silly addNameRange     '1.8.0',
104 silly addNameRange     '1.8.1',
104 silly addNameRange     '1.8.2',
104 silly addNameRange     '1.8.3',
104 silly addNameRange     '1.8.4',
104 silly addNameRange     '1.9.0',
104 silly addNameRange     '2.0.0',
104 silly addNameRange     '2.0.1',
104 silly addNameRange     '2.0.2',
104 silly addNameRange     '2.0.3',
104 silly addNameRange     '2.0.4',
104 silly addNameRange     '2.0.5',
104 silly addNameRange     '2.0.6',
104 silly addNameRange     '2.0.7',
104 silly addNameRange     '2.0.8',
104 silly addNameRange     '2.0.9',
104 silly addNameRange     '2.1.0',
104 silly addNameRange     '2.2.0',
104 silly addNameRange     '2.2.1',
104 silly addNameRange     '2.3.0',
104 silly addNameRange     '2.3.1',
104 silly addNameRange     '2.3.2',
104 silly addNameRange     '2.3.3',
104 silly addNameRange     '2.3.4',
104 silly addNameRange     '2.3.5',
104 silly addNameRange     '2.4.0',
104 silly addNameRange     '2.5.0',
104 silly addNameRange     '2.5.1' ] ]
105 silly addNamed nan@2.5.1
106 verbose addNamed "2.5.1" is a plain semver version for nan
107 silly mapToRegistry name nan
108 silly mapToRegistry using default registry
109 silly mapToRegistry registry https://registry.npmjs.org/
110 silly mapToRegistry data Result {
110 silly mapToRegistry   raw: 'nan',
110 silly mapToRegistry   scope: null,
110 silly mapToRegistry   escapedName: 'nan',
110 silly mapToRegistry   name: 'nan',
110 silly mapToRegistry   rawSpec: '',
110 silly mapToRegistry   spec: 'latest',
110 silly mapToRegistry   type: 'tag' }
111 silly mapToRegistry uri https://registry.npmjs.org/nan
112 verbose addRemoteTarball https://registry.npmjs.org/nan/-/nan-2.5.1.tgz not in flight; adding
113 verbose addRemoteTarball [ 'https://registry.npmjs.org/nan/-/nan-2.5.1.tgz',
113 verbose addRemoteTarball   'd5b01691253326a97a2bbee9e61c55d8d60351e2' ]
114 info retry fetch attempt 1 at 6:02:31 PM
115 info attempt registry request try #1 at 6:02:31 PM
116 http fetch GET https://registry.npmjs.org/nan/-/nan-2.5.1.tgz
117 http fetch 200 https://registry.npmjs.org/nan/-/nan-2.5.1.tgz
118 silly fetchAndShaCheck shasum d5b01691253326a97a2bbee9e61c55d8d60351e2
119 verbose addTmpTarball C:\Users\JOANNE~1\AppData\Local\Temp\npm-9272-adb7e30d\registry.npmjs.org\nan\-\nan-2.5.1.tgz not in flight; adding
120 verbose addTmpTarball already have metadata; skipping unpack for nan@2.5.1
121 verbose correctMkdir C:\Users\joannelam\AppData\Roaming\npm-cache correctMkdir not in flight; initializing
122 silly cache afterAdd nan@2.5.1
123 verbose afterAdd C:\Users\joannelam\AppData\Roaming\npm-cache\nan\2.5.1\package\package.json not in flight; writing
124 verbose correctMkdir C:\Users\joannelam\AppData\Roaming\npm-cache correctMkdir not in flight; initializing
125 verbose afterAdd C:\Users\joannelam\AppData\Roaming\npm-cache\nan\2.5.1\package\package.json written
126 silly loadAllDepsIntoIdealTree Finishing
127 silly loadIdealTree Finishing
128 silly currentTree nodeJS
129 silly idealTree nodeJS
129 silly idealTree +-- nan@2.5.1
129 silly idealTree `-- node-rijndael@0.3.0-1
130 silly generateActionsToTake Starting
131 silly install generateActionsToTake
132 silly generateActionsToTake Finishing
133 silly diffTrees action count 2
134 silly diffTrees add nan@2.5.1
135 silly diffTrees add node-rijndael@0.3.0-1
136 silly decomposeActions action count 16
137 silly decomposeActions fetch nan@2.5.1
138 silly decomposeActions extract nan@2.5.1
139 silly decomposeActions test nan@2.5.1
140 silly decomposeActions preinstall nan@2.5.1
141 silly decomposeActions build nan@2.5.1
142 silly decomposeActions install nan@2.5.1
143 silly decomposeActions postinstall nan@2.5.1
144 silly decomposeActions finalize nan@2.5.1
145 silly decomposeActions fetch node-rijndael@0.3.0-1
146 silly decomposeActions extract node-rijndael@0.3.0-1
147 silly decomposeActions test node-rijndael@0.3.0-1
148 silly decomposeActions preinstall node-rijndael@0.3.0-1
149 silly decomposeActions build node-rijndael@0.3.0-1
150 silly decomposeActions install node-rijndael@0.3.0-1
151 silly decomposeActions postinstall node-rijndael@0.3.0-1
152 silly decomposeActions finalize node-rijndael@0.3.0-1
153 silly runTopLevelLifecycles Starting
154 silly executeActions Starting
155 silly install executeActions
156 silly doSerial global-install 0
157 silly doParallel fetch 2
158 verbose correctMkdir C:\Users\joannelam\AppData\Roaming\npm-cache\_locks correctMkdir not in flight; initializing
159 verbose lock using C:\Users\joannelam\AppData\Roaming\npm-cache\_locks\staging-373f22a04a4eef72.lock for E:\Development\nodeJS\node_modules\.staging
160 silly doParallel extract 2
161 silly extract nan@2.5.1
162 silly extract node-rijndael@0.3.0-1
163 verbose unbuild node_modules\.staging\nan-6013db27
164 verbose unbuild node_modules\.staging\node-rijndael-b37fa74f
165 silly gentlyRm E:\Development\nodeJS\node_modules\.staging\nan-6013db27 is being purged from base E:\Development\nodeJS
166 verbose gentlyRm don't care about contents; nuking E:\Development\nodeJS\node_modules\.staging\nan-6013db27
167 silly gentlyRm E:\Development\nodeJS\node_modules\.staging\node-rijndael-b37fa74f is being purged from base E:\Development\nodeJS
168 verbose gentlyRm don't care about contents; nuking E:\Development\nodeJS\node_modules\.staging\node-rijndael-b37fa74f
169 verbose tar unpack C:\Users\joannelam\AppData\Roaming\npm-cache\nan\2.5.1\package.tgz
170 verbose tar unpacking to E:\Development\nodeJS\node_modules\.staging\nan-6013db27
171 silly gentlyRm E:\Development\nodeJS\node_modules\.staging\nan-6013db27 is being purged
172 verbose gentlyRm don't care about contents; nuking E:\Development\nodeJS\node_modules\.staging\nan-6013db27
173 verbose tar unpack C:\Users\joannelam\AppData\Roaming\npm-cache\node-rijndael\0.3.0-1\package.tgz
174 verbose tar unpacking to E:\Development\nodeJS\node_modules\.staging\node-rijndael-b37fa74f
175 silly gentlyRm E:\Development\nodeJS\node_modules\.staging\node-rijndael-b37fa74f is being purged
176 verbose gentlyRm don't care about contents; nuking E:\Development\nodeJS\node_modules\.staging\node-rijndael-b37fa74f
177 silly gunzTarPerm modes [ '777', '666' ]
178 silly gunzTarPerm modes [ '777', '666' ]
179 silly gunzTarPerm extractEntry package.json
180 silly gunzTarPerm modified mode [ 'package.json', 436, 438 ]
181 silly gunzTarPerm extractEntry package.json
182 silly gunzTarPerm modified mode [ 'package.json', 420, 438 ]
183 silly gunzTarPerm extractEntry README.md
184 silly gunzTarPerm modified mode [ 'README.md', 436, 438 ]
185 silly gunzTarPerm extractEntry .npmignore
186 silly gunzTarPerm modified mode [ '.npmignore', 420, 438 ]
187 silly gunzTarPerm extractEntry README.md
188 silly gunzTarPerm modified mode [ 'README.md', 420, 438 ]
189 silly gunzTarPerm extractEntry include_dirs.js
190 silly gunzTarPerm modified mode [ 'include_dirs.js', 436, 438 ]
191 silly gunzTarPerm extractEntry nan_converters.h
192 silly gunzTarPerm modified mode [ 'nan_converters.h', 436, 438 ]
193 silly gunzTarPerm extractEntry CHANGELOG.md
194 silly gunzTarPerm modified mode [ 'CHANGELOG.md', 436, 438 ]
195 silly gunzTarPerm extractEntry LICENSE.md
196 silly gunzTarPerm modified mode [ 'LICENSE.md', 436, 438 ]
197 silly gunzTarPerm extractEntry index.js
198 silly gunzTarPerm modified mode [ 'index.js', 420, 438 ]
199 silly gunzTarPerm extractEntry UNLICENSE
200 silly gunzTarPerm modified mode [ 'UNLICENSE', 420, 438 ]
201 silly gunzTarPerm extractEntry doc/node_misc.md
202 silly gunzTarPerm modified mode [ 'doc/node_misc.md', 436, 438 ]
203 silly gunzTarPerm extractEntry binding.gyp
204 silly gunzTarPerm modified mode [ 'binding.gyp', 420, 438 ]
205 silly gunzTarPerm extractEntry doc/asyncworker.md
206 silly gunzTarPerm modified mode [ 'doc/asyncworker.md', 436, 438 ]
207 silly gunzTarPerm extractEntry doc/callback.md
208 silly gunzTarPerm modified mode [ 'doc/callback.md', 436, 438 ]
209 silly gunzTarPerm extractEntry examples/rijndael.js
210 silly gunzTarPerm modified mode [ 'examples/rijndael.js', 420, 438 ]
211 silly gunzTarPerm extractEntry examples/rijndael.php
212 silly gunzTarPerm modified mode [ 'examples/rijndael.php', 420, 438 ]
213 silly gunzTarPerm extractEntry doc/converters.md
214 silly gunzTarPerm modified mode [ 'doc/converters.md', 436, 438 ]
215 silly gunzTarPerm extractEntry doc/errors.md
216 silly gunzTarPerm modified mode [ 'doc/errors.md', 436, 438 ]
217 silly gunzTarPerm extractEntry doc/maybe_types.md
218 silly gunzTarPerm modified mode [ 'doc/maybe_types.md', 436, 438 ]
219 silly gunzTarPerm extractEntry doc/methods.md
220 silly gunzTarPerm modified mode [ 'doc/methods.md', 436, 438 ]
221 silly gunzTarPerm extractEntry doc/new.md
222 silly gunzTarPerm modified mode [ 'doc/new.md', 436, 438 ]
223 silly gunzTarPerm extractEntry src/Rijndael.cc
224 silly gunzTarPerm modified mode [ 'src/Rijndael.cc', 420, 438 ]
225 silly gunzTarPerm extractEntry src/rijndael.cc
226 silly gunzTarPerm modified mode [ 'src/rijndael.cc', 420, 438 ]
227 silly gunzTarPerm extractEntry src/rijndael.h
228 silly gunzTarPerm modified mode [ 'src/rijndael.h', 420, 438 ]
229 silly gunzTarPerm extractEntry test/rijndael.js
230 silly gunzTarPerm modified mode [ 'test/rijndael.js', 420, 438 ]
231 silly gunzTarPerm extractEntry doc/buffers.md
232 silly gunzTarPerm modified mode [ 'doc/buffers.md', 436, 438 ]
233 silly gunzTarPerm extractEntry doc/object_wrappers.md
234 silly gunzTarPerm modified mode [ 'doc/object_wrappers.md', 436, 438 ]
235 silly gunzTarPerm extractEntry test/mocha.opts
236 silly gunzTarPerm modified mode [ 'test/mocha.opts', 420, 438 ]
237 silly gunzTarPerm extractEntry test/test.php
238 silly gunzTarPerm modified mode [ 'test/test.php', 420, 438 ]
239 silly gunzTarPerm extractEntry doc/persistent.md
240 silly gunzTarPerm modified mode [ 'doc/persistent.md', 436, 438 ]
241 silly gunzTarPerm extractEntry doc/scopes.md
242 silly gunzTarPerm modified mode [ 'doc/scopes.md', 436, 438 ]
243 silly gunzTarPerm extractEntry doc/script.md
244 silly gunzTarPerm modified mode [ 'doc/script.md', 436, 438 ]
245 silly gunzTarPerm extractEntry doc/string_bytes.md
246 silly gunzTarPerm modified mode [ 'doc/string_bytes.md', 436, 438 ]
247 silly gunzTarPerm extractEntry doc/v8_internals.md
248 silly gunzTarPerm modified mode [ 'doc/v8_internals.md', 436, 438 ]
249 silly gunzTarPerm extractEntry doc/v8_misc.md
250 silly gunzTarPerm modified mode [ 'doc/v8_misc.md', 436, 438 ]
251 silly gunzTarPerm extractEntry nan.h
252 silly gunzTarPerm modified mode [ 'nan.h', 436, 438 ]
253 silly gunzTarPerm extractEntry nan_callbacks.h
254 silly gunzTarPerm modified mode [ 'nan_callbacks.h', 436, 438 ]
255 silly gunzTarPerm extractEntry nan_callbacks_12_inl.h
256 silly gunzTarPerm modified mode [ 'nan_callbacks_12_inl.h', 436, 438 ]
257 silly gunzTarPerm extractEntry nan_callbacks_pre_12_inl.h
258 silly gunzTarPerm modified mode [ 'nan_callbacks_pre_12_inl.h', 436, 438 ]
259 silly gunzTarPerm extractEntry nan_converters_43_inl.h
260 silly gunzTarPerm modified mode [ 'nan_converters_43_inl.h', 436, 438 ]
261 silly gunzTarPerm extractEntry nan_converters_pre_43_inl.h
262 silly gunzTarPerm modified mode [ 'nan_converters_pre_43_inl.h', 436, 438 ]
263 silly gunzTarPerm extractEntry nan_implementation_12_inl.h
264 silly gunzTarPerm modified mode [ 'nan_implementation_12_inl.h', 436, 438 ]
265 silly gunzTarPerm extractEntry nan_implementation_pre_12_inl.h
266 silly gunzTarPerm modified mode [ 'nan_implementation_pre_12_inl.h', 436, 438 ]
267 silly gunzTarPerm extractEntry nan_maybe_43_inl.h
268 silly gunzTarPerm modified mode [ 'nan_maybe_43_inl.h', 436, 438 ]
269 silly gunzTarPerm extractEntry nan_maybe_pre_43_inl.h
270 silly gunzTarPerm modified mode [ 'nan_maybe_pre_43_inl.h', 436, 438 ]
271 silly gunzTarPerm extractEntry nan_new.h
272 silly gunzTarPerm modified mode [ 'nan_new.h', 436, 438 ]
273 silly gunzTarPerm extractEntry nan_object_wrap.h
274 silly gunzTarPerm modified mode [ 'nan_object_wrap.h', 436, 438 ]
275 silly gunzTarPerm extractEntry nan_persistent_12_inl.h
276 silly gunzTarPerm modified mode [ 'nan_persistent_12_inl.h', 436, 438 ]
277 silly gunzTarPerm extractEntry nan_persistent_pre_12_inl.h
278 silly gunzTarPerm modified mode [ 'nan_persistent_pre_12_inl.h', 436, 438 ]
279 silly gunzTarPerm extractEntry nan_private.h
280 silly gunzTarPerm modified mode [ 'nan_private.h', 436, 438 ]
281 silly gunzTarPerm extractEntry nan_string_bytes.h
282 silly gunzTarPerm modified mode [ 'nan_string_bytes.h', 436, 438 ]
283 silly gentlyRm E:\Development\nodeJS\node_modules\.staging\node-rijndael-b37fa74f\node_modules is being purged
284 verbose gentlyRm don't care about contents; nuking E:\Development\nodeJS\node_modules\.staging\node-rijndael-b37fa74f\node_modules
285 silly gunzTarPerm extractEntry nan_typedarray_contents.h
286 silly gunzTarPerm modified mode [ 'nan_typedarray_contents.h', 436, 438 ]
287 silly gunzTarPerm extractEntry nan_weak.h
288 silly gunzTarPerm modified mode [ 'nan_weak.h', 436, 438 ]
289 silly gunzTarPerm extractEntry tools/package.json
290 silly gunzTarPerm modified mode [ 'tools/package.json', 436, 438 ]
291 silly gunzTarPerm extractEntry tools/README.md
292 silly gunzTarPerm modified mode [ 'tools/README.md', 436, 438 ]
293 silly gunzTarPerm extractEntry tools/1to2.js
294 silly gunzTarPerm modified mode [ 'tools/1to2.js', 509, 511 ]
295 silly gentlyRm E:\Development\nodeJS\node_modules\.staging\nan-6013db27\node_modules is being purged
296 verbose gentlyRm don't care about contents; nuking E:\Development\nodeJS\node_modules\.staging\nan-6013db27\node_modules
297 silly doParallel preinstall 2
298 silly preinstall nan@2.5.1 E:\Development\nodeJS\node_modules\.staging\nan-6013db27
299 info lifecycle nan@2.5.1~preinstall: nan@2.5.1
300 silly preinstall node-rijndael@0.3.0-1 E:\Development\nodeJS\node_modules\.staging\node-rijndael-b37fa74f
301 info lifecycle node-rijndael@0.3.0-1~preinstall: node-rijndael@0.3.0-1
302 silly lifecycle nan@2.5.1~preinstall: no script for preinstall, continuing
303 silly lifecycle node-rijndael@0.3.0-1~preinstall: no script for preinstall, continuing
304 silly doReverseSerial remove 0
305 silly doSerial move 0
306 silly doSerial finalize 2
307 silly finalize E:\Development\nodeJS\node_modules\nan
308 silly finalize E:\Development\nodeJS\node_modules\node-rijndael
309 silly doSerial build 2
310 silly build nan@2.5.1
311 info linkStuff nan@2.5.1
312 silly linkStuff nan@2.5.1 has E:\Development\nodeJS\node_modules as its parent node_modules
313 verbose linkBins nan@2.5.1
314 verbose linkMans nan@2.5.1
315 silly build node-rijndael@0.3.0-1
316 info linkStuff node-rijndael@0.3.0-1
317 silly linkStuff node-rijndael@0.3.0-1 has E:\Development\nodeJS\node_modules as its parent node_modules
318 verbose linkBins node-rijndael@0.3.0-1
319 verbose linkMans node-rijndael@0.3.0-1
320 silly doSerial global-link 0
321 silly doParallel update-linked 0
322 silly doSerial install 2
323 silly install nan@2.5.1 E:\Development\nodeJS\node_modules\.staging\nan-6013db27
324 info lifecycle nan@2.5.1~install: nan@2.5.1
325 silly lifecycle nan@2.5.1~install: no script for install, continuing
326 silly install node-rijndael@0.3.0-1 E:\Development\nodeJS\node_modules\.staging\node-rijndael-b37fa74f
327 info lifecycle node-rijndael@0.3.0-1~install: node-rijndael@0.3.0-1
328 verbose lifecycle node-rijndael@0.3.0-1~install: unsafe-perm in lifecycle true
329 verbose lifecycle node-rijndael@0.3.0-1~install: PATH: C:\Program Files\nodejs\node_modules\npm\bin\node-gyp-bin;E:\Development\nodeJS\node_modules\node-rijndael\node_modules\.bin;E:\Development\nodeJS\node_modules\.bin;E:\Servers\XAMMP\xampp2\php\ext;C:\Program Files\Java\jdk1.8.0_111\bin;C:\ProgramData\Oracle\Java\javapath;C:\Program Files (x86)\Intel\iCLS Client\;C:\Program Files\Intel\iCLS Client\;C:\Windows\system32;C:\Windows;C:\Windows\System32\Wbem;C:\Windows\System32\WindowsPowerShell\v1.0\;C:\Program Files\Intel\Intel(R) Management Engine Components\DAL;C:\Program Files\Intel\Intel(R) Management Engine Components\IPT;C:\Program Files (x86)\Intel\Intel(R) Management Engine Components\DAL;C:\Program Files (x86)\Intel\Intel(R) Management Engine Components\IPT;C:\Program Files\Intel\WiFi\bin\;C:\Program Files\Common Files\Intel\WirelessCommon\;C:\Program Files\Git\cmd;C:\Windows\system32\config\systemprofile\.dnx\bin;C:\Program Files\Microsoft DNX\Dnvm\;C:\Program Files\Microsoft SQL Server\130\Tools\Binn\;C:\Program Files\nodejs\;C:\ProgramData\ComposerSetup\bin;C:\Program Files (x86)\Microsoft SQL Server\Client SDK\ODBC\130\Tools\Binn\;C:\Program Files (x86)\Microsoft SQL Server\130\Tools\Binn\;C:\Program Files (x86)\Microsoft SQL Server\130\DTS\Binn\;C:\Program Files (x86)\Microsoft SQL Server\130\Tools\Binn\ManagementStudio\;C:\Program Files\MySQL\MySQL Utilities 1.6\;E:\Servers\XAMMP\xampp2\php5_6;C:\Program Files (x86)\Skype\Phone\;C:\Python27\;E:\Servers\XAMMP\xampp2\php;E:\Servers\XAMMP\xampp2\php\ext;C:\Program Files\Java\jdk1.8.0_111\bin;C:\Program Files (x86)\Microsoft VS Code\bin;C:\Users\joannelam\AppData\Roaming\npm;C:\Users\joannelam\AppData\Roaming\Composer\vendor\bin;C:\Users\joannelam\AppData\Local\atom\bin;c:\xampp\tomcat\bin;c:\xampp\tomcat\webapps\axis2;
330 verbose lifecycle node-rijndael@0.3.0-1~install: CWD: E:\Development\nodeJS\node_modules\node-rijndael
331 silly lifecycle node-rijndael@0.3.0-1~install: Args: [ '/d /s /c', 'node-gyp rebuild' ]
332 silly lifecycle node-rijndael@0.3.0-1~install: Returned: code: 1  signal: null
333 info lifecycle node-rijndael@0.3.0-1~install: Failed to exec install script
334 verbose unlock done using C:\Users\joannelam\AppData\Roaming\npm-cache\_locks\staging-373f22a04a4eef72.lock for E:\Development\nodeJS\node_modules\.staging
335 silly rollbackFailedOptional Starting
336 silly rollbackFailedOptional Finishing
337 silly runTopLevelLifecycles Finishing
338 silly install printInstalled
339 warn enoent ENOENT: no such file or directory, open 'E:\Development\nodeJS\package.json'
340 verbose enoent ENOENT: no such file or directory, open 'E:\Development\nodeJS\package.json'
340 verbose enoent This is most likely not a problem with npm itself
340 verbose enoent and is related to npm not being able to find a file.
341 warn nodeJS No description
342 verbose If you need help, you may report this error at:
342 verbose     <https://github.com/npm/npm/issues>
343 warn nodeJS No repository field.
344 verbose If you need help, you may report this error at:
344 verbose     <https://github.com/npm/npm/issues>
345 warn nodeJS No README data
346 verbose If you need help, you may report this error at:
346 verbose     <https://github.com/npm/npm/issues>
347 warn nodeJS No license field.
348 verbose If you need help, you may report this error at:
348 verbose     <https://github.com/npm/npm/issues>
349 verbose stack Error: node-rijndael@0.3.0-1 install: `node-gyp rebuild`
349 verbose stack Exit status 1
349 verbose stack     at EventEmitter.<anonymous> (C:\Program Files\nodejs\node_modules\npm\lib\utils\lifecycle.js:255:16)
349 verbose stack     at emitTwo (events.js:106:13)
349 verbose stack     at EventEmitter.emit (events.js:191:7)
349 verbose stack     at ChildProcess.<anonymous> (C:\Program Files\nodejs\node_modules\npm\lib\utils\spawn.js:40:14)
349 verbose stack     at emitTwo (events.js:106:13)
349 verbose stack     at ChildProcess.emit (events.js:191:7)
349 verbose stack     at maybeClose (internal/child_process.js:877:16)
349 verbose stack     at Process.ChildProcess._handle.onexit (internal/child_process.js:226:5)
350 verbose pkgid node-rijndael@0.3.0-1
351 verbose cwd E:\Development\nodeJS
352 error Windows_NT 6.1.7601
353 error argv "C:\\Program Files\\nodejs\\node.exe" "C:\\Program Files\\nodejs\\node_modules\\npm\\bin\\npm-cli.js" "install" "node-rijndael"
354 error node v6.9.2
355 error npm  v3.10.9
356 error code ELIFECYCLE
357 error node-rijndael@0.3.0-1 install: `node-gyp rebuild`
357 error Exit status 1
358 error Failed at the node-rijndael@0.3.0-1 install script 'node-gyp rebuild'.
358 error Make sure you have the latest version of node.js and npm installed.
358 error If you do, this is most likely a problem with the node-rijndael package,
358 error not with npm itself.
358 error Tell the author that this fails on your system:
358 error     node-gyp rebuild
358 error You can get information on how to open an issue for this project with:
358 error     npm bugs node-rijndael
358 error Or if that isn't available, you can get their info via:
358 error     npm owner ls node-rijndael
358 error There is likely additional logging output above.
359 verbose exit [ 1, true ]
